<?xml version="1.0" encoding="UTF-8"?>
<!-- Generated by org.testng.reporters.JUnitXMLReporter -->
<testsuite hostname="DESKTOP-A15AP0F" ignored="0" name="Test" tests="7" failures="0" timestamp="2021-07-26T17:05:21 IST" time="372.967" errors="0">
  <testcase name="getTitleOfPage" time="0.896" classname="com.myTestCases.LoginPageTest"/>
  <testcase name="logintoApplication" time="29.282" classname="com.myTestCases.LoginPageTest"/>
  <testcase name="checkForgetLink" time="0.218" classname="com.myTestCases.LoginPageTest"/>
  <testcase name="getTitleOfPage" time="62.461" classname="com.myTestCases.DashBoardPageTest"/>
  <testcase name="printCountOfMainMenuItems" time="63.207" classname="com.myTestCases.DashBoardPageTest"/>
  <testcase name="printNameOfMainMenuItems" time="62.846" classname="com.myTestCases.DashBoardPageTest"/>
  <testcase name="printDashBoardItems" time="64.261" classname="com.myTestCases.DashBoardPageTest"/>
</testsuite> <!-- Test -->
